<?xml version="1.0" encoding="UTF-8"?>
<testsuite xmlns:xsi="http://www.w3.org/2001/XMLSchema-instance" xsi:noNamespaceSchemaLocation="https://maven.apache.org/surefire/maven-surefire-plugin/xsd/surefire-test-report-3.0.xsd" version="3.0" name="com.chase.api.AccountServiceTest" time="0.753" tests="4" errors="0" skipped="0" failures="0">
  <properties>
[...]
</properties>
  <testcase name="testOverdraftBalance" classname="com.chase.api.AccountServiceTest" time="0.049">
    <system-out><![CDATA[21:25:15.791 [main] INFO org.springframework.test.context.support.AnnotationConfigContextLoaderUtils -- Could not detect default configuration classes for test class [com.chase.api.AccountServiceTest]: AccountServiceTest does not declare any static, non-private, non-final, nested classes annotated with @Configuration.
21:25:16.396 [main] INFO com.chase.api.account.AccountsTransferService -- currencyRate: 1.100000000000000088817841970012523233890533447265625
21:25:16.396 [main] INFO com.chase.api.account.AccountsTransferService -- Transfer Balance from account number: null Account Balance: -12.100000000000000088817841970012523233890533447265625
21:25:16.397 [main] INFO com.chase.api.account.AccountsTransferService -- Transfer Balance to account number: null Account Balance: 30
21:25:16.400 [main] INFO com.chase.api.account.AccountsTransferService -- Transfer 20 AUD  from test to test2
21:25:16.400 [main] INFO com.chase.api.account.AccountsTransferService -- Recurring for 1 time(s)
]]></system-out>
  </testcase>
  <testcase name="testRetrieveBalance" classname="com.chase.api.AccountServiceTest" time="0.005"/>
  <testcase name="testRetrieveBalanceFromInvalidAccount" classname="com.chase.api.AccountServiceTest" time="0.004"/>
  <testcase name="testTransferBalance" classname="com.chase.api.AccountServiceTest" time="0.003">
    <system-out><![CDATA[21:25:16.427 [main] INFO com.chase.api.account.AccountsTransferService -- currencyRate: 1.100000000000000088817841970012523233890533447265625
21:25:16.427 [main] INFO com.chase.api.account.AccountsTransferService -- Transfer Balance from account number: null Account Balance: -2.100000000000000088817841970012523233890533447265625
21:25:16.427 [main] INFO com.chase.api.account.AccountsTransferService -- Transfer Balance to account number: null Account Balance: 20
21:25:16.427 [main] INFO com.chase.api.account.AccountsTransferService -- Transfer 10 AUD  from test to test2
21:25:16.427 [main] INFO com.chase.api.account.AccountsTransferService -- Recurring for 1 time(s)
]]></system-out>
  </testcase>
</testsuite>